<?xml version="1.0" encoding="UTF-8"?>
<!-- Generated by org.testng.reporters.JUnitReportReporter -->
<testsuite hostname="LAPTOP-LVLR9NPK" failures="0" tests="1" name="com.tribalescale.qa.testCases.TC_001" time="16.776" errors="0" timestamp="2020-10-01T21:35:35 EDT" skipped="0">
  <testcase classname="com.tribalescale.qa.testCases.TC_001" name="FactorialInfinite" time="16.776"/>
  <system-out/>
</testsuite> <!-- com.tribalescale.qa.testCases.TC_001 -->
